2025-02-02T02:59:17+00:00 DEBUG Tt4b_Pixel_Class::inject_view_content_event: hit ViewContent
2025-02-02T02:59:17+00:00 DEBUG Tt4b_Pixel_Class::inject_view_content_event: Missing option "access_token"
2025-02-02T02:59:52+00:00 DEBUG Tt4b_Pixel_Class::inject_view_content_event: hit ViewContent
2025-02-02T02:59:52+00:00 DEBUG Tt4b_Pixel_Class::inject_view_content_event: Missing option "access_token"
2025-02-02T03:01:41+00:00 DEBUG Tt4b_Pixel_Class::inject_view_content_event: hit ViewContent
2025-02-02T03:01:41+00:00 DEBUG Tt4b_Pixel_Class::inject_view_content_event: Missing option "access_token"
2025-02-02T03:13:02+00:00 DEBUG Tt4b_Pixel_Class::inject_view_content_event: hit ViewContent
2025-02-02T03:13:02+00:00 DEBUG Tt4b_Pixel_Class::inject_view_content_event: Missing option "access_token"
2025-02-02T03:14:32+00:00 DEBUG Tt4b_Pixel_Class::inject_view_content_event: hit ViewContent
2025-02-02T03:14:32+00:00 DEBUG Tt4b_Pixel_Class::inject_view_content_event: Missing option "access_token"
2025-02-02T03:17:08+00:00 DEBUG Tt4b_Pixel_Class::inject_view_content_event: hit ViewContent
2025-02-02T03:17:08+00:00 DEBUG Tt4b_Pixel_Class::inject_view_content_event: Missing option "access_token"
2025-02-02T03:36:12+00:00 DEBUG Tt4b_Pixel_Class::inject_view_content_event: hit ViewContent
2025-02-02T03:36:12+00:00 DEBUG Tt4b_Pixel_Class::inject_view_content_event: Missing option "access_token"
2025-02-02T03:36:28+00:00 DEBUG Tt4b_Pixel_Class::inject_view_content_event: hit ViewContent
2025-02-02T03:36:28+00:00 DEBUG Tt4b_Pixel_Class::inject_view_content_event: Missing option "access_token"
2025-02-02T03:36:38+00:00 DEBUG Tt4b_Pixel_Class::inject_view_content_event: hit ViewContent
2025-02-02T03:36:38+00:00 DEBUG Tt4b_Pixel_Class::inject_view_content_event: Missing option "access_token"
2025-02-02T03:36:53+00:00 DEBUG Tt4b_Pixel_Class::inject_view_content_event: hit ViewContent
2025-02-02T03:36:53+00:00 DEBUG Tt4b_Pixel_Class::inject_view_content_event: Missing option "access_token"
2025-02-02T03:37:12+00:00 DEBUG Tt4b_Pixel_Class::inject_view_content_event: hit ViewContent
2025-02-02T03:37:12+00:00 DEBUG Tt4b_Pixel_Class::inject_view_content_event: Missing option "access_token"
2025-02-02T03:37:21+00:00 DEBUG Tt4b_Pixel_Class::inject_view_content_event: hit ViewContent
2025-02-02T03:37:21+00:00 DEBUG Tt4b_Pixel_Class::inject_view_content_event: Missing option "access_token"
2025-02-02T03:37:27+00:00 DEBUG Tt4b_Pixel_Class::inject_view_content_event: hit ViewContent
2025-02-02T03:37:27+00:00 DEBUG Tt4b_Pixel_Class::inject_view_content_event: Missing option "access_token"
2025-02-02T04:27:34+00:00 DEBUG Tt4b_Pixel_Class::inject_view_content_event: hit ViewContent
2025-02-02T04:27:34+00:00 DEBUG Tt4b_Pixel_Class::inject_view_content_event: Missing option "access_token"
2025-02-02T18:42:54+00:00 DEBUG Tt4b_Pixel_Class::inject_add_to_cart_event: hit AddToCart
2025-02-02T18:42:54+00:00 DEBUG Tt4b_Pixel_Class::inject_add_to_cart_event: Missing option "access_token"
2025-02-02T18:43:00+00:00 DEBUG Tt4b_Pixel_Class::inject_initiate_checkout_event: hit InitiateCheckout
2025-02-02T18:43:00+00:00 DEBUG Tt4b_Pixel_Class::inject_initiate_checkout_event: Missing option "access_token"
2025-02-02T18:50:34+00:00 DEBUG Tt4b_Pixel_Class::inject_view_content_event: hit ViewContent
2025-02-02T18:50:34+00:00 DEBUG Tt4b_Pixel_Class::inject_view_content_event: Missing option "access_token"
2025-02-02T18:55:52+00:00 DEBUG Tt4b_Pixel_Class::inject_view_content_event: hit ViewContent
2025-02-02T18:55:52+00:00 DEBUG Tt4b_Pixel_Class::inject_view_content_event: Missing option "access_token"
2025-02-02T18:56:18+00:00 DEBUG Tt4b_Pixel_Class::inject_view_content_event: hit ViewContent
2025-02-02T18:56:18+00:00 DEBUG Tt4b_Pixel_Class::inject_view_content_event: Missing option "access_token"
2025-02-02T18:59:01+00:00 DEBUG Tt4b_Pixel_Class::inject_view_content_event: hit ViewContent
2025-02-02T18:59:01+00:00 DEBUG Tt4b_Pixel_Class::inject_view_content_event: Missing option "access_token"
2025-02-02T18:59:29+00:00 DEBUG Tt4b_Pixel_Class::inject_view_content_event: hit ViewContent
2025-02-02T18:59:29+00:00 DEBUG Tt4b_Pixel_Class::inject_view_content_event: Missing option "access_token"
2025-02-02T19:00:20+00:00 DEBUG Tt4b_Pixel_Class::inject_view_content_event: hit ViewContent
2025-02-02T19:00:20+00:00 DEBUG Tt4b_Pixel_Class::inject_view_content_event: Missing option "access_token"
2025-02-02T19:02:15+00:00 DEBUG Tt4b_Pixel_Class::inject_view_content_event: hit ViewContent
2025-02-02T19:02:15+00:00 DEBUG Tt4b_Pixel_Class::inject_view_content_event: Missing option "access_token"
2025-02-02T19:02:33+00:00 DEBUG Tt4b_Pixel_Class::inject_view_content_event: hit ViewContent
2025-02-02T19:02:33+00:00 DEBUG Tt4b_Pixel_Class::inject_view_content_event: Missing option "access_token"
2025-02-02T19:03:41+00:00 DEBUG Tt4b_Pixel_Class::inject_view_content_event: hit ViewContent
2025-02-02T19:03:41+00:00 DEBUG Tt4b_Pixel_Class::inject_view_content_event: Missing option "access_token"
2025-02-02T19:05:57+00:00 DEBUG Tt4b_Pixel_Class::inject_view_content_event: hit ViewContent
2025-02-02T19:05:57+00:00 DEBUG Tt4b_Pixel_Class::inject_view_content_event: Missing option "access_token"
2025-02-02T19:06:08+00:00 DEBUG Tt4b_Pixel_Class::inject_view_content_event: hit ViewContent
2025-02-02T19:06:08+00:00 DEBUG Tt4b_Pixel_Class::inject_view_content_event: Missing option "access_token"
2025-02-02T19:15:36+00:00 DEBUG Tt4b_Pixel_Class::inject_view_content_event: hit ViewContent
2025-02-02T19:15:36+00:00 DEBUG Tt4b_Pixel_Class::inject_view_content_event: Missing option "access_token"
2025-02-02T19:16:05+00:00 DEBUG Tt4b_Pixel_Class::inject_view_content_event: hit ViewContent
2025-02-02T19:16:05+00:00 DEBUG Tt4b_Pixel_Class::inject_view_content_event: Missing option "access_token"
2025-02-02T19:16:19+00:00 DEBUG Tt4b_Pixel_Class::inject_view_content_event: hit ViewContent
2025-02-02T19:16:19+00:00 DEBUG Tt4b_Pixel_Class::inject_view_content_event: Missing option "access_token"
2025-02-02T19:29:49+00:00 DEBUG Tt4b_Pixel_Class::inject_view_content_event: hit ViewContent
2025-02-02T19:29:49+00:00 DEBUG Tt4b_Pixel_Class::inject_view_content_event: Missing option "access_token"
2025-02-02T19:30:08+00:00 DEBUG Tt4b_Pixel_Class::inject_view_content_event: hit ViewContent
2025-02-02T19:30:08+00:00 DEBUG Tt4b_Pixel_Class::inject_view_content_event: Missing option "access_token"
2025-02-02T19:32:17+00:00 DEBUG Tt4b_Pixel_Class::inject_view_content_event: hit ViewContent
2025-02-02T19:32:17+00:00 DEBUG Tt4b_Pixel_Class::inject_view_content_event: Missing option "access_token"
2025-02-02T20:30:10+00:00 DEBUG Tt4b_Pixel_Class::inject_view_content_event: hit ViewContent
2025-02-02T20:30:10+00:00 DEBUG Tt4b_Pixel_Class::inject_view_content_event: Missing option "access_token"
2025-02-02T20:30:26+00:00 DEBUG Tt4b_Pixel_Class::inject_view_content_event: hit ViewContent
2025-02-02T20:30:26+00:00 DEBUG Tt4b_Pixel_Class::inject_view_content_event: Missing option "access_token"
2025-02-02T20:30:31+00:00 DEBUG Tt4b_Pixel_Class::inject_view_content_event: hit ViewContent
2025-02-02T20:30:31+00:00 DEBUG Tt4b_Pixel_Class::inject_view_content_event: Missing option "access_token"
2025-02-02T20:30:35+00:00 DEBUG Tt4b_Pixel_Class::inject_add_to_cart_event: hit AddToCart
2025-02-02T20:30:35+00:00 DEBUG Tt4b_Pixel_Class::inject_add_to_cart_event: Missing option "access_token"
2025-02-02T20:30:35+00:00 DEBUG Tt4b_Pixel_Class::inject_view_content_event: hit ViewContent
2025-02-02T20:30:35+00:00 DEBUG Tt4b_Pixel_Class::inject_view_content_event: Missing option "access_token"
2025-02-02T20:31:30+00:00 DEBUG Tt4b_Pixel_Class::inject_initiate_checkout_event: hit InitiateCheckout
2025-02-02T20:31:30+00:00 DEBUG Tt4b_Pixel_Class::inject_initiate_checkout_event: Missing option "access_token"
2025-02-02T20:32:58+00:00 DEBUG Tt4b_Pixel_Class::inject_view_content_event: hit ViewContent
2025-02-02T20:32:58+00:00 DEBUG Tt4b_Pixel_Class::inject_view_content_event: Missing option "access_token"
